<?xml version="1.0" encoding="UTF-8"?>
<testng-results ignored="0" total="1" passed="1" failed="0" skipped="0">
  <reporter-output>
  </reporter-output>
  <suite started-at="2022-08-30T19:54:09 IST" name="Default suite" finished-at="2022-08-30T19:54:15 IST" duration-ms="5917">
    <groups>
    </groups>
    <test started-at="2022-08-30T19:54:09 IST" name="Default test" finished-at="2022-08-30T19:54:15 IST" duration-ms="5917">
      <class name="com.qa.TestLayer.Test1">
        <test-method is-config="true" signature="setUp()[pri:0, instance:com.qa.TestLayer.Test1@4fb61f4a]" started-at="2022-08-30T19:54:09 IST" name="setUp" finished-at="2022-08-30T19:54:15 IST" duration-ms="5494" status="PASS">
          <reporter-output>
          </reporter-output>
        </test-method> <!-- setUp -->
        <test-method signature="firstTest()[pri:0, instance:com.qa.TestLayer.Test1@4fb61f4a]" started-at="2022-08-30T19:54:15 IST" name="firstTest" finished-at="2022-08-30T19:54:15 IST" duration-ms="14" status="PASS">
          <reporter-output>
          </reporter-output>
        </test-method> <!-- firstTest -->
        <test-method is-config="true" signature="tearDown()[pri:0, instance:com.qa.TestLayer.Test1@4fb61f4a]" started-at="2022-08-30T19:54:15 IST" name="tearDown" finished-at="2022-08-30T19:54:15 IST" duration-ms="377" status="PASS">
          <reporter-output>
          </reporter-output>
        </test-method> <!-- tearDown -->
      </class> <!-- com.qa.TestLayer.Test1 -->
    </test> <!-- Default test -->
  </suite> <!-- Default suite -->
</testng-results>
